<?xml version="1.0" encoding="UTF-8"?>
<!-- Generated by org.testng.reporters.JUnitXMLReporter -->
<testsuite ignored="0" hostname="DESKTOP-1FMBST9" failures="1" tests="4" name="Test" time="0.05" errors="0" timestamp="2022-05-20T12:52:46 IST">
  <testcase classname="TestCase.Sample" name="usernamevalidate" time="0.013">
    <skipped/>
  </testcase> <!-- usernamevalidate -->
  <testcase classname="TestCase.Sample" name="usernamevalidate" time="0.001">
    <skipped/>
  </testcase> <!-- usernamevalidate -->
  <testcase classname="TestCase.Sample" name="usernamevalidate" time="0.001">
    <skipped/>
  </testcase> <!-- usernamevalidate -->
  <testcase classname="TestCase.Sample" name="usernamevalidate" time="0.001">
    <failure type="java.lang.AssertionError" message="expected [a] but found [A]">
      <![CDATA[java.lang.AssertionError: expected [a] but found [A]
at TestCase.Sample.usernamevalidate(Sample.java:9)
at java.base/java.util.ArrayList.forEach(ArrayList.java:1511)
... Removed 31 stack frames]]>
    </failure>
  </testcase> <!-- usernamevalidate -->
</testsuite> <!-- Test -->
